[debug] [2021-05-30T18:28:02.147Z] ----------------------------------------------------------------------
[debug] [2021-05-30T18:28:02.149Z] Command:       C:\Program Files\nodejs\node.exe C:\Users\Kaivalya\AppData\Roaming\npm\node_modules\firebase-tools\lib\bin\firebase.js init
[debug] [2021-05-30T18:28:02.153Z] CLI Version:   9.12.0
[debug] [2021-05-30T18:28:02.153Z] Platform:      win32
[debug] [2021-05-30T18:28:02.153Z] Node Version:  v14.16.1
[debug] [2021-05-30T18:28:02.154Z] Time:          Sun May 30 2021 23:58:02 GMT+0530 (India Standard Time)
[debug] [2021-05-30T18:28:02.154Z] ----------------------------------------------------------------------
[debug] 
[debug] [2021-05-30T18:28:02.162Z] > command requires scopes: ["email","openid","https://www.googleapis.com/auth/cloudplatformprojects.readonly","https://www.googleapis.com/auth/firebase","https://www.googleapis.com/auth/cloud-platform"]
[debug] [2021-05-30T18:28:02.162Z] > authorizing via signed-in user (vernekarkaivalya@gmail.com)
[info] 
     ######## #### ########  ######## ########     ###     ######  ########
     ##        ##  ##     ## ##       ##     ##  ##   ##  ##       ##
     ######    ##  ########  ######   ########  #########  ######  ######
     ##        ##  ##    ##  ##       ##     ## ##     ##       ## ##
     ##       #### ##     ## ######## ########  ##     ##  ######  ########

You're about to initialize a Firebase project in this directory:

  C:\Users\Kaivalya\Documents\GitHub\disney-plus-clone

[info] 
=== Project Setup
[info] 
[info] First, let's associate this project directory with a Firebase project.
[info] You can create multiple project aliases by running firebase use --add, 
[info] but for now we'll just set up a default project.
[info] 
[debug] [2021-05-30T18:29:30.930Z] >>> [apiv2][query] GET https://firebase.googleapis.com/v1beta1/projects pageSize=100
[debug] [2021-05-30T18:29:35.019Z] <<< [apiv2][status] GET https://firebase.googleapis.com/v1beta1/projects 200
[debug] [2021-05-30T18:29:35.019Z] <<< [apiv2][body] GET https://firebase.googleapis.com/v1beta1/projects [omitted]
[info] i  Using project disney-plus-clone-3ce7e (disney-plus-clone) 
[info] 
=== Hosting Setup
[info] 
[info] Your public directory is the folder (relative to your project directory) that
[info] will contain Hosting assets to be uploaded with firebase deploy. If you
[info] have a build process for your assets, use your build's output directory.
[info] 
